JvmtiExport can_access_local_variables 0
JvmtiExport can_hotswap_or_post_breakpoint 0
JvmtiExport can_post_on_exceptions 0
# 185 ciObject found
ciMethod java/lang/Object <init> ()V 4097 1 1104672 0 96
ciMethod java/lang/String <init> ([CII)V 4097 1 6778 0 704
ciMethod java/lang/String length ()I 4097 1 977801 0 64
ciMethod java/lang/String charAt (I)C 4097 1 1384975 0 160
ciMethod java/lang/String getChars (II[CI)V 4097 1 5697 0 320
ciMethod java/lang/String startsWith (Ljava/lang/String;I)Z 4097 2009 5062 0 384
ciMethod java/lang/String startsWith (Ljava/lang/String;)Z 4097 1 102607 0 320
ciMethod java/lang/String endsWith (Ljava/lang/String;)Z 4097 1 80819 0 384
ciMethod java/lang/String indexOf (I)I 4097 1 136270 0 384
ciMethod java/lang/String indexOf (II)I 1665 57345 2545 0 448
ciMethod java/lang/String indexOfSupplementary (II)I 0 0 1 0 -1
ciMethod java/lang/String lastIndexOf (I)I 4097 1 67255 0 288
ciMethod java/lang/String lastIndexOf (II)I 1705 139265 1102 0 288
ciMethod java/lang/String lastIndexOfSupplementary (II)I 0 0 1 0 -1
ciMethod java/lang/String indexOf (Ljava/lang/String;)I 2161 1 50818 0 -1
ciMethod java/lang/String indexOf (Ljava/lang/String;I)I 4097 1 81355 0 1120
ciMethod java/lang/String indexOf ([CII[CIII)I 1649 90113 1481 0 1216
ciMethod java/lang/String substring (I)Ljava/lang/String; 393 1 5172 0 928
ciMethod java/lang/String substring (II)Ljava/lang/String; 4097 1 5751 0 960
ciMethod java/lang/System arraycopy (Ljava/lang/Object;ILjava/lang/Object;II)V 75777 1 9472 0 -1
ciMethod java/lang/AbstractStringBuilder <init> (I)V 4097 1 170056 0 256
ciMethod java/lang/AbstractStringBuilder ensureCapacityInternal (I)V 4097 1 454401 0 640
ciMethod java/lang/AbstractStringBuilder newCapacity (I)I 4097 1 5703 0 160
ciMethod java/lang/AbstractStringBuilder hugeCapacity (I)I 0 0 1 0 -1
ciMethod java/lang/AbstractStringBuilder append (Ljava/lang/String;)Ljava/lang/AbstractStringBuilder; 4097 1 11821 0 1056
ciMethod java/lang/AbstractStringBuilder appendNull ()Ljava/lang/AbstractStringBuilder; 0 0 127 0 -1
ciMethod java/lang/StringBuilder <init> ()V 4097 1 93674 0 192
ciMethod java/lang/StringBuilder append (Ljava/lang/String;)Ljava/lang/StringBuilder; 4097 1 205266 0 1024
ciMethod java/lang/StringBuilder toString ()Ljava/lang/String; 4097 1 98931 0 832
ciMethod java/net/URL set (Ljava/lang/String;Ljava/lang/String;ILjava/lang/String;Ljava/lang/String;Ljava/lang/String;Ljava/lang/String;Ljava/lang/String;)V 3105 1 11781 0 1504
ciMethod java/net/URL getQuery ()Ljava/lang/String; 4145 1 518 0 0
ciMethod java/net/URL getPath ()Ljava/lang/String; 6201 1 775 0 0
ciMethod java/net/URL getUserInfo ()Ljava/lang/String; 1041 1 130 0 0
ciMethod java/net/URL getAuthority ()Ljava/lang/String; 6177 1 772 0 0
ciMethod java/net/URL getPort ()I 2057 1 257 0 0
ciMethod java/net/URL getProtocol ()Ljava/lang/String; 8193 1 1024 0 0
ciMethod java/net/URL getHost ()Ljava/lang/String; 4121 1 515 0 0
ciMethod java/net/URL getRef ()Ljava/lang/String; 4105 1 513 0 0
ciMethod java/lang/Integer parseInt (Ljava/lang/String;I)I 521 1089 491 0 -1
ciMethod java/lang/Integer parseInt (Ljava/lang/String;)I 57 1 154 0 0
ciMethod java/lang/Math min (II)I 4097 1 82703 0 -1
ciMethod java/util/Arrays copyOf ([CI)[C 4097 1 32314 0 0
ciMethod java/util/Arrays copyOfRange ([CII)[C 4097 1 5745 0 512
ciMethodData java/lang/String charAt (I)C 2 1385214 orig 264 88 50 182 112 0 0 0 0 104 61 162 27 0 0 0 0 120 1 0 0 32 0 0 0 0 0 0 0 0 0 0 0 0 0 0 0 0 0 0 0 0 0 0 0 0 0 0 0 0 0 0 0 0 0 0 0 0 0 0 0 0 0 0 0 0 0 0 0 0 0 0 0 0 0 0 0 0 0 0 0 77 68 79 32 101 120 116 114 97 32 100 97 116 97 32 108 111 99 107 0 0 0 0 0 0 0 0 0 0 0 0 0 0 0 0 0 0 0 0 0 0 0 0 0 0 0 0 0 0 0 0 0 0 0 0 0 0 0 0 0 0 0 0 0 0 0 0 0 0 0 0 0 0 0 0 0 0 0 0 0 0 0 0 0 0 0 0 0 0 0 0 0 0 0 0 0 0 0 0 0 0 0 0 0 25 0 0 0 0 0 0 0 0 0 0 0 0 0 0 0 1 0 0 0 0 0 0 0 0 0 0 0 0 0 0 0 0 2 0 0 241 7 169 0 1 0 0 0 0 0 0 0 0 0 0 0 2 0 0 0 0 0 0 0 0 0 0 0 80 0 0 0 255 255 255 255 7 0 1 0 0 0 0 0 data 10 0x10007 0x0 0x40 0x152104 0xa0007 0x152104 0x30 0x0 0x120002 0x0 oops 0
ciMethodData java/lang/String length ()I 2 977981 orig 264 88 50 182 112 0 0 0 0 24 60 162 27 0 0 0 0 32 1 0 0 0 0 0 0 0 0 0 0 0 0 0 0 0 0 0 0 0 0 0 0 0 0 0 0 0 0 0 0 0 0 0 0 0 0 0 0 0 0 0 0 0 0 0 0 0 0 0 0 0 0 0 0 0 0 0 0 0 0 0 0 77 68 79 32 101 120 116 114 97 32 100 97 116 97 32 108 111 99 107 0 0 0 0 0 0 0 0 0 0 0 0 0 0 0 0 0 0 0 0 0 0 0 0 0 0 0 0 0 0 0 0 0 0 0 0 0 0 0 0 0 0 0 0 0 0 0 0 0 0 0 0 0 0 0 0 0 0 0 0 0 0 0 0 0 0 0 0 0 0 0 0 0 0 0 0 0 0 0 0 0 0 0 0 0 1 0 0 0 0 0 0 0 0 0 0 0 0 0 0 0 1 0 0 0 0 0 0 0 0 0 0 0 0 0 0 0 0 2 0 0 233 81 119 0 1 0 0 0 0 0 0 0 0 0 0 0 2 0 0 0 0 0 0 0 0 0 0 0 0 0 0 0 255 255 255 255 0 0 0 0 0 0 0 0 data 0 oops 0
ciMethodData java/lang/Object <init> ()V 2 1104675 orig 264 88 50 182 112 0 0 0 0 128 4 162 27 0 0 0 0 32 1 0 0 0 0 0 0 0 0 0 0 0 0 0 0 0 0 0 0 0 0 0 0 0 0 0 0 0 0 0 0 0 0 0 0 0 0 0 0 0 0 0 0 0 0 0 0 0 0 0 0 0 0 0 0 0 0 0 0 0 0 0 0 77 68 79 32 101 120 116 114 97 32 100 97 116 97 32 108 111 99 107 0 0 0 0 0 0 0 0 0 0 0 0 0 0 0 0 0 0 0 0 0 0 0 0 0 0 0 0 0 0 0 0 0 0 0 0 0 0 0 0 0 0 0 0 0 0 0 0 0 0 0 0 0 0 0 0 0 0 0 0 0 0 0 0 0 0 0 0 0 0 0 0 0 0 0 0 0 0 0 0 0 0 0 0 0 1 0 0 0 0 0 0 0 1 0 0 0 0 0 0 0 1 0 0 0 0 0 0 0 0 0 0 0 0 0 0 0 0 2 0 0 25 201 134 0 1 0 0 0 0 0 0 0 0 0 0 0 2 0 0 0 0 0 0 0 0 0 0 0 0 0 0 0 255 255 255 255 0 0 0 0 0 0 0 0 data 0 oops 0
ciMethod java/net/URLStreamHandler parseURL (Ljava/net/URL;Ljava/lang/String;II)V 3129 1 25996 0 -1
ciMethod java/net/URLStreamHandler setURL (Ljava/net/URL;Ljava/lang/String;Ljava/lang/String;ILjava/lang/String;Ljava/lang/String;Ljava/lang/String;Ljava/lang/String;Ljava/lang/String;)V 3073 1 11780 0 1536
ciMethodData java/lang/String indexOf ([CII[CIII)I 2 85776 orig 264 88 50 182 112 0 0 0 0 152 87 162 27 0 0 0 0 56 3 0 0 24 1 0 0 0 0 0 0 0 0 0 0 0 0 0 0 0 0 0 0 0 0 0 0 0 0 0 0 0 0 0 0 0 0 0 0 0 0 0 0 0 0 0 0 0 0 0 0 0 0 0 0 0 0 0 0 0 0 0 0 77 68 79 32 101 120 116 114 97 32 100 97 116 97 32 108 111 99 107 0 0 0 0 0 0 0 0 0 0 0 0 0 0 0 0 0 0 0 0 0 0 0 0 0 0 0 0 0 0 0 0 0 0 0 0 0 0 0 0 0 0 0 0 0 1 0 0 0 0 0 0 0 0 0 0 0 0 0 0 0 0 0 0 0 0 0 0 0 0 0 0 0 0 0 0 0 0 0 0 1 0 0 0 0 0 0 0 0 0 0 0 0 0 0 0 0 0 0 0 0 0 0 0 0 0 0 0 0 0 0 0 0 0 0 0 0 0 44 0 0 217 39 0 0 129 24 9 0 134 2 0 0 151 202 0 0 2 0 0 0 3 0 35 0 2 0 0 0 224 1 0 0 255 255 255 255 7 224 3 0 0 0 0 0 data 60 0x3e007 0x4fb 0x58 0x1 0x80007 0x1 0x38 0x0 0xc0003 0x0 0x18 0x130007 0x4fb 0x20 0x0 0x1b0007 0x4fb 0x20 0x0 0x390007 0x2f5 0x148 0x15a2 0x420007 0x260 0x78 0x1342 0x4c0007 0x2f5 0x58 0x11f9d 0x550007 0x104c 0x38 0x10f51 0x580003 0x10f51 0xffffffffffffffc0 0x5f0007 0x2f5 0x98 0x12ac 0x7b0007 0x205 0x58 0x10b9 0x860007 0x10a7 0x38 0x12 0x8f0003 0x12 0xffffffffffffffc0 0x960007 0x10a7 0x20 0x205 0xa10003 0x139c 0xfffffffffffffed0 oops 0
ciMethodData java/lang/String <init> ([CII)V 2 6778 orig 264 88 50 182 112 0 0 0 0 88 49 162 27 0 0 0 0 80 2 0 0 208 0 0 0 0 0 0 0 0 0 0 0 0 0 0 0 0 0 0 0 0 0 0 0 0 0 0 0 0 0 0 0 0 0 0 0 0 0 0 0 0 0 0 0 0 0 0 0 0 0 0 0 0 0 0 0 0 0 0 0 77 68 79 32 101 120 116 114 97 32 100 97 116 97 32 108 111 99 107 0 0 0 0 0 0 0 0 0 0 0 0 0 0 0 0 0 0 0 0 0 0 0 0 0 0 0 0 0 0 0 0 0 0 0 0 0 0 0 0 0 0 0 0 0 0 0 0 0 0 0 0 0 0 0 0 0 0 0 0 0 0 0 0 0 0 0 0 0 0 0 0 0 0 0 0 0 0 0 0 0 0 0 0 0 0 0 0 0 0 0 0 0 0 0 0 0 0 0 0 0 0 0 0 0 0 0 0 0 0 0 0 0 0 0 0 0 0 2 0 0 209 195 0 0 1 0 0 0 0 0 0 0 0 0 0 0 2 0 0 0 0 0 14 0 2 0 0 0 240 0 0 0 255 255 255 255 2 0 1 0 0 0 0 0 data 30 0x10002 0x187a 0x50007 0x187a 0x30 0x0 0xd0002 0x0 0x120007 0x1871 0x70 0x9 0x160007 0x9 0x30 0x0 0x1e0002 0x0 0x250007 0x0 0x20 0x9 0x370007 0x1871 0x30 0x0 0x410002 0x0 0x4b0002 0x1871 oops 0
ciMethodData java/util/Arrays copyOfRange ([CII)[C 2 5745 orig 264 88 50 182 112 0 0 0 0 192 143 179 27 0 0 0 0 120 2 0 0 240 0 0 0 0 0 0 0 0 0 0 0 0 0 0 0 0 0 0 0 0 0 0 0 0 0 0 0 0 0 0 0 0 0 0 0 0 0 0 0 0 0 0 0 0 0 0 0 0 0 0 0 0 0 0 0 0 0 0 0 77 68 79 32 101 120 116 114 97 32 100 97 116 97 32 108 111 99 107 0 0 0 0 0 0 0 0 0 0 0 0 0 0 0 0 0 0 0 0 0 0 0 0 0 0 0 0 0 0 0 0 0 0 0 0 0 0 0 0 0 0 0 0 0 0 0 0 0 0 0 0 0 0 0 0 0 0 0 0 0 0 0 0 0 0 0 0 0 0 0 0 0 0 0 0 0 0 0 0 0 0 0 0 0 29 0 0 0 0 0 0 0 0 0 0 0 0 0 0 0 0 0 0 0 0 0 0 0 0 0 0 0 0 0 0 0 0 2 0 0 137 163 0 0 1 0 0 0 0 0 0 0 0 0 0 0 2 0 0 0 0 0 9 0 2 0 0 0 32 1 0 0 255 255 255 255 7 0 5 0 0 0 0 0 data 36 0x50007 0x1471 0x100 0x0 0x100002 0x0 0x140005 0x0 0x0 0x0 0x0 0x0 0x190005 0x0 0x0 0x0 0x0 0x0 0x1d0005 0x0 0x0 0x0 0x0 0x0 0x200005 0x0 0x0 0x0 0x0 0x0 0x230002 0x0 0x360002 0x1471 0x390002 0x1471 oops 0
ciMethodData java/lang/String indexOf (II)I 2 159003 orig 264 88 50 182 112 0 0 0 0 56 81 162 27 0 0 0 0 16 2 0 0 88 0 0 0 0 0 0 0 0 0 0 0 0 0 0 0 0 0 0 0 0 0 0 0 0 0 0 0 0 0 0 0 0 0 0 0 0 0 0 0 0 0 0 0 0 0 0 0 0 0 0 0 0 0 0 0 0 0 0 0 77 68 79 32 101 120 116 114 97 32 100 97 116 97 32 108 111 99 107 0 0 0 0 0 0 0 0 0 0 0 0 0 0 0 0 0 0 0 0 0 0 0 0 0 0 0 0 0 0 0 0 0 0 0 0 0 0 0 0 0 0 0 0 0 0 0 0 0 0 0 0 0 0 0 0 0 0 0 0 0 0 0 0 0 0 0 0 0 0 0 0 0 0 0 0 0 0 0 0 0 0 0 0 0 17 0 0 0 0 0 0 0 0 0 0 0 0 0 0 0 1 0 0 0 0 0 0 0 0 0 0 0 0 0 0 0 0 28 0 0 9 73 0 0 217 136 18 0 0 0 0 0 0 0 0 0 2 0 0 0 0 0 0 0 0 0 0 0 224 0 0 0 255 255 255 255 7 0 7 0 0 0 0 0 data 28 0x70007 0x921 0x38 0x0 0xc0003 0x0 0x38 0x110007 0x7bd 0x20 0x164 0x190007 0x0 0x78 0x7bd 0x280007 0x717 0x58 0x251b2 0x310007 0x2510d 0x20 0xa5 0x3a0003 0x2510d 0xffffffffffffffc0 0x420002 0x0 oops 0
ciMethodData java/lang/String indexOf (I)I 2 136285 orig 264 88 50 182 112 0 0 0 0 80 80 162 27 0 0 0 0 128 1 0 0 0 0 0 0 0 0 0 0 0 0 0 0 0 0 0 0 0 0 0 0 0 0 0 0 0 0 0 0 0 0 0 0 0 0 0 0 0 0 0 0 0 0 0 0 0 0 0 0 0 0 0 0 0 0 0 0 0 0 0 0 77 68 79 32 101 120 116 114 97 32 100 97 116 97 32 108 111 99 107 0 0 0 0 0 0 0 0 0 0 0 0 0 0 0 0 0 0 0 0 0 0 0 0 0 0 0 0 0 0 0 0 0 0 0 0 0 0 0 0 0 0 0 0 0 0 0 0 0 0 0 0 0 0 0 0 0 0 0 0 0 0 0 0 0 0 0 0 0 0 0 0 0 0 0 0 0 0 0 0 0 0 0 0 0 17 0 0 0 0 0 0 0 0 0 0 0 0 0 0 0 1 0 0 0 0 0 0 0 0 0 0 0 0 0 0 0 0 2 0 0 233 146 16 0 1 0 0 0 0 0 0 0 0 0 0 0 2 0 0 0 0 0 3 0 2 0 0 0 48 0 0 0 255 255 255 255 5 0 3 0 0 0 0 0 data 6 0x30005 0x698 0x1e01a4b0 0x20bc5 0x0 0x0 oops 1 2 java/lang/String
ciMethodData java/lang/AbstractStringBuilder ensureCapacityInternal (I)V 2 454401 orig 264 88 50 182 112 0 0 0 0 248 59 169 27 0 0 0 0 144 1 0 0 0 0 0 0 0 0 0 0 0 0 0 0 0 0 0 0 0 0 0 0 0 0 0 0 0 0 0 0 0 0 0 0 0 0 0 0 0 0 0 0 0 0 0 0 0 0 0 0 0 0 0 0 0 0 0 0 0 0 0 0 77 68 79 32 101 120 116 114 97 32 100 97 116 97 32 108 111 99 107 0 0 0 0 0 0 0 0 0 0 0 0 0 0 0 0 0 0 0 0 0 0 0 0 0 0 0 0 0 0 0 0 0 0 0 0 0 0 0 0 0 0 0 0 0 0 0 0 0 0 0 0 0 0 0 0 0 0 0 0 0 0 0 0 0 0 0 0 0 0 0 0 0 0 0 0 0 0 0 0 0 0 0 0 0 17 0 0 0 0 0 0 0 0 0 0 0 0 0 0 0 1 0 0 0 0 0 0 0 0 0 0 0 0 0 0 0 0 2 0 0 9 104 55 0 1 0 0 0 0 0 0 0 0 0 0 0 2 0 0 0 0 0 0 0 0 0 0 0 64 0 0 0 255 255 255 255 7 0 7 0 0 0 0 0 data 8 0x70007 0x6bcf6 0x40 0x300b 0x110002 0x300b 0x140002 0x300b oops 0
ciMethodData java/lang/String substring (II)Ljava/lang/String; 2 5751 orig 264 88 50 182 112 0 0 0 0 112 92 162 27 0 0 0 0 40 2 0 0 208 0 0 0 0 0 0 0 0 0 0 0 0 0 0 0 0 0 0 0 0 0 0 0 0 0 0 0 0 0 0 0 0 0 0 0 0 0 0 0 0 0 0 0 0 0 0 0 0 0 0 0 0 0 0 0 0 0 0 0 77 68 79 32 101 120 116 114 97 32 100 97 116 97 32 108 111 99 107 0 0 0 0 0 0 0 0 0 0 0 0 0 0 0 0 0 0 0 0 0 0 0 0 0 0 0 0 0 0 0 0 0 0 0 0 0 0 0 0 0 0 0 0 0 0 0 0 0 0 0 0 0 0 0 0 0 0 0 0 0 0 0 0 0 0 0 0 0 0 0 0 0 0 0 0 0 0 0 0 0 0 0 0 0 25 0 0 0 0 0 0 0 0 0 0 0 0 0 0 0 0 0 0 0 0 0 0 0 0 0 0 0 0 0 0 0 0 2 0 0 185 163 0 0 1 0 0 0 0 0 0 0 0 0 0 0 2 0 0 0 0 0 15 0 2 0 0 0 248 0 0 0 255 255 255 255 7 0 1 0 0 0 0 0 data 31 0x10007 0x1477 0x30 0x0 0x90002 0x0 0x130007 0x1477 0x30 0x0 0x1b0002 0x0 0x240007 0x1477 0x30 0x0 0x2c0002 0x0 0x310007 0xd0 0x58 0x13a7 0x3a0007 0x650 0x38 0xd57 0x3e0003 0xd57 0x28 0x4b0002 0x720 oops 0
ciMethodData java/lang/String getChars (II[CI)V 2 5697 orig 264 88 50 182 112 0 0 0 0 192 65 162 27 0 0 0 0 8 2 0 0 128 0 0 0 0 0 0 0 0 0 0 0 0 0 0 0 0 0 0 0 0 0 0 0 0 0 0 0 0 0 0 0 0 0 0 0 0 0 0 0 0 0 0 0 0 0 0 0 0 0 0 0 0 0 0 0 0 0 0 0 77 68 79 32 101 120 116 114 97 32 100 97 116 97 32 108 111 99 107 0 0 0 0 0 0 0 0 0 0 0 0 0 0 0 0 0 0 0 0 0 0 0 0 0 0 0 0 0 0 0 0 0 0 0 0 0 0 0 0 0 0 0 0 0 0 0 0 0 0 0 0 0 0 0 0 0 0 0 0 0 0 0 0 0 0 0 0 0 0 0 0 0 0 0 0 0 0 0 0 0 0 0 0 0 25 0 0 0 0 0 0 0 0 0 0 0 0 0 0 0 1 0 0 0 0 0 0 0 0 0 0 0 0 0 0 0 0 2 0 0 9 162 0 0 1 0 0 0 0 0 0 0 0 0 0 0 2 0 0 0 0 0 9 0 2 0 0 0 160 0 0 0 255 255 255 255 7 0 1 0 0 0 0 0 data 20 0x10007 0x1441 0x30 0x0 0x90002 0x0 0x130007 0x1441 0x30 0x0 0x1b0002 0x0 0x210007 0x1441 0x30 0x0 0x2b0002 0x0 0x3a0002 0x1441 oops 0
ciMethodData java/lang/StringBuilder append (Ljava/lang/String;)Ljava/lang/StringBuilder; 2 205838 orig 264 88 50 182 112 0 0 0 0 96 121 169 27 0 0 0 0 56 1 0 0 0 0 0 0 0 0 0 0 0 0 0 0 0 0 0 0 0 0 0 0 0 0 0 0 0 0 0 0 0 0 0 0 0 0 0 0 0 0 0 0 0 0 0 0 0 0 0 0 0 0 0 0 0 0 0 0 0 0 0 0 77 68 79 32 101 120 116 114 97 32 100 97 116 97 32 108 111 99 107 0 0 0 0 0 0 0 0 0 0 0 0 0 0 0 0 0 0 0 0 0 0 0 0 0 0 0 0 0 0 0 0 0 0 0 0 0 0 0 0 0 0 0 0 0 1 0 0 0 0 0 0 0 0 0 0 0 0 0 0 0 0 0 0 0 0 0 0 0 0 0 0 0 0 0 0 0 0 0 0 0 0 0 0 0 19 0 0 0 0 0 0 0 0 0 0 0 0 0 0 0 2 0 0 0 0 0 0 0 1 0 0 0 0 0 0 0 0 2 0 0 113 16 25 0 1 0 0 0 181 111 2 0 0 0 0 0 2 0 0 0 0 0 3 0 2 0 0 0 16 0 0 0 255 255 255 255 2 0 2 0 0 0 0 0 data 2 0x20002 0x32210 oops 0
ciMethodData java/lang/AbstractStringBuilder append (Ljava/lang/String;)Ljava/lang/AbstractStringBuilder; 2 11821 orig 264 88 50 182 112 0 0 0 0 80 69 169 27 0 0 0 0 240 1 0 0 0 0 0 0 0 0 0 0 0 0 0 0 0 0 0 0 0 0 0 0 0 0 0 0 0 0 0 0 0 0 0 0 0 0 0 0 0 0 0 0 0 0 0 0 0 0 0 0 0 0 0 0 0 0 0 0 0 0 0 0 77 68 79 32 101 120 116 114 97 32 100 97 116 97 32 108 111 99 107 0 0 0 0 0 0 0 0 0 0 0 0 0 0 0 0 0 0 0 0 0 0 0 0 0 0 0 0 0 0 0 0 0 0 0 0 0 0 0 0 0 0 0 0 0 1 0 0 0 0 0 0 0 0 0 0 0 0 0 0 0 0 0 0 0 0 0 0 0 0 0 0 0 0 0 0 0 0 0 0 2 0 0 0 0 17 0 0 0 0 0 0 0 0 0 0 0 0 0 0 0 2 0 0 0 0 0 0 0 1 0 0 0 0 0 0 0 0 2 0 0 105 97 1 0 1 0 0 0 13 21 0 0 0 0 0 0 2 0 0 0 0 0 14 0 2 0 0 0 160 0 0 0 255 255 255 255 7 224 1 0 0 0 0 0 data 20 0x1e007 0x2c17 0x30 0x18 0x50002 0x18 0xa0005 0x9a5 0x1e01a4b0 0x2272 0x0 0x0 0x150002 0x2c17 0x230005 0x9a5 0x1e01a4b0 0x2272 0x0 0x0 oops 2 8 java/lang/String 16 java/lang/String
ciMethodData java/lang/String lastIndexOf (II)I 2 42594 orig 264 88 50 182 112 0 0 0 0 136 83 162 27 0 0 0 0 240 1 0 0 32 0 0 0 0 0 0 0 0 0 0 0 0 0 0 0 0 0 0 0 0 0 0 0 0 0 0 0 0 0 0 0 0 0 0 0 0 0 0 0 0 0 0 0 0 0 0 0 0 0 0 0 0 0 0 0 0 0 0 0 77 68 79 32 101 120 116 114 97 32 100 97 116 97 32 108 111 99 107 0 0 0 0 0 0 0 0 0 0 0 0 0 0 0 0 0 0 0 0 0 0 0 0 0 0 0 0 0 0 0 0 0 0 0 0 0 0 0 0 0 0 0 0 0 0 0 0 0 0 0 0 0 0 0 0 0 0 0 0 0 0 0 0 0 0 0 0 0 0 0 0 0 0 0 0 0 0 0 0 0 0 0 0 0 17 0 0 0 0 0 0 0 0 0 0 0 0 0 0 0 1 0 0 0 0 0 0 0 0 0 0 0 0 0 0 0 0 68 0 0 201 27 0 0 17 19 3 0 0 0 0 0 0 0 0 0 2 0 0 0 1 0 14 0 2 0 0 0 152 0 0 0 255 255 255 255 7 0 3 0 0 0 0 0 data 19 0x30007 0x0 0x88 0x379 0x100002 0x379 0x170007 0xbc 0x58 0x64f0 0x1f0007 0x6233 0x20 0x2bd 0x280003 0x6233 0xffffffffffffffc0 0x300002 0x0 oops 0
ciMethodData java/lang/String startsWith (Ljava/lang/String;I)Z 2 14522 orig 264 88 50 182 112 0 0 0 0 176 77 162 27 0 0 0 0 176 1 0 0 32 0 0 0 0 0 0 0 0 0 0 0 0 0 0 0 0 0 0 0 0 0 0 0 0 0 0 0 0 0 0 0 0 0 0 0 0 0 0 0 0 0 0 0 0 0 0 0 0 0 0 0 0 0 0 0 0 0 0 0 77 68 79 32 101 120 116 114 97 32 100 97 116 97 32 108 111 99 107 0 0 0 0 0 0 0 0 0 0 0 0 0 0 0 0 0 0 0 0 0 0 0 0 0 0 0 0 0 0 0 0 0 0 0 0 0 0 0 0 0 0 0 0 0 0 0 0 0 0 0 0 0 0 0 0 0 0 0 0 0 0 0 0 0 0 0 0 0 0 0 0 0 0 0 0 0 0 0 0 0 0 0 0 0 0 0 0 0 0 0 0 0 0 0 0 0 0 0 0 0 0 0 0 0 0 0 0 0 0 0 0 0 0 0 0 0 0 2 0 0 49 142 0 0 249 189 1 0 0 0 0 0 0 0 0 0 2 0 0 0 1 0 13 0 2 0 0 0 128 0 0 0 255 255 255 255 7 0 25 0 0 0 0 0 data 16 0x190007 0x8 0x40 0x11be 0x250007 0x117c 0x20 0x42 0x2f0007 0x321 0x40 0x3bc0 0x410007 0x2d65 0xffffffffffffffe0 0xe5b oops 0
ciMethodData java/lang/AbstractStringBuilder <init> (I)V 2 170158 orig 264 88 50 182 112 0 0 0 0 120 57 169 27 0 0 0 0 56 1 0 0 0 0 0 0 0 0 0 0 0 0 0 0 0 0 0 0 0 0 0 0 0 0 0 0 0 0 0 0 0 0 0 0 0 0 0 0 0 0 0 0 0 0 0 0 0 0 0 0 0 0 0 0 0 0 0 0 0 0 0 0 77 68 79 32 101 120 116 114 97 32 100 97 116 97 32 108 111 99 107 0 0 0 0 0 0 0 0 0 0 0 0 0 0 0 0 0 0 0 0 0 0 0 0 0 0 0 0 0 0 0 0 0 0 0 0 0 0 0 0 0 0 0 0 0 0 0 0 0 0 0 0 0 0 0 0 0 0 0 0 0 0 0 0 0 0 0 0 0 0 0 0 0 0 0 0 0 0 0 0 0 0 0 0 0 9 0 0 0 0 0 0 0 0 0 0 0 0 0 0 0 1 0 0 0 0 0 0 0 0 0 0 0 0 0 0 0 0 2 0 0 113 181 20 0 1 0 0 0 0 0 0 0 0 0 0 0 2 0 0 0 0 0 3 0 2 0 0 0 16 0 0 0 255 255 255 255 2 0 1 0 0 0 0 0 data 2 0x10002 0x296ae oops 0
ciMethodData java/lang/String indexOf (Ljava/lang/String;I)I 2 81635 orig 264 88 50 182 112 0 0 0 0 168 85 162 27 0 0 0 0 104 1 0 0 0 0 0 0 0 0 0 0 0 0 0 0 0 0 0 0 0 0 0 0 0 0 0 0 0 0 0 0 0 0 0 0 0 0 0 0 0 0 0 0 0 0 0 0 0 0 0 0 0 0 0 0 0 0 0 0 0 0 0 0 77 68 79 32 101 120 116 114 97 32 100 97 116 97 32 108 111 99 107 0 0 0 0 0 0 0 0 0 0 0 0 0 0 0 0 0 0 0 0 0 0 0 0 0 0 0 0 0 0 0 0 0 0 0 0 0 0 0 0 0 0 0 0 0 0 0 0 0 0 0 0 0 0 0 0 0 0 0 0 0 0 0 0 0 0 0 0 0 0 0 0 0 0 0 0 0 0 0 0 0 0 0 0 0 0 0 0 0 0 0 0 0 0 0 0 0 0 0 0 0 0 0 0 0 0 0 0 0 0 0 0 0 0 0 0 0 0 2 0 0 25 231 9 0 1 0 0 0 0 0 0 0 0 0 0 0 2 0 0 0 0 0 3 0 2 0 0 0 16 0 0 0 255 255 255 255 2 0 21 0 0 0 0 0 data 2 0x150002 0x13ce5 oops 0
ciMethodData java/util/Arrays copyOf ([CI)[C 2 32314 orig 264 88 50 182 112 0 0 0 0 248 135 179 27 0 0 0 0 112 1 0 0 0 0 0 0 0 0 0 0 0 0 0 0 0 0 0 0 0 0 0 0 0 0 0 0 0 0 0 0 0 0 0 0 0 0 0 0 0 0 0 0 0 0 0 0 0 0 0 0 0 0 0 0 0 0 0 0 0 0 0 0 77 68 79 32 101 120 116 114 97 32 100 97 116 97 32 108 111 99 107 0 0 0 0 0 0 0 0 0 0 0 0 0 0 0 0 0 0 0 0 0 0 0 0 0 0 0 0 0 0 0 0 0 0 0 0 0 0 0 0 0 0 0 0 0 0 0 0 0 0 0 0 0 0 0 0 0 0 0 0 0 0 0 0 0 0 0 0 0 0 0 0 0 0 0 0 0 0 0 0 0 0 0 0 0 0 0 0 0 0 0 0 0 0 0 0 0 0 0 0 0 0 0 0 0 0 0 0 0 0 0 0 0 0 0 0 0 0 2 0 0 209 225 3 0 1 0 0 0 0 0 0 0 0 0 0 0 2 0 0 0 0 0 7 0 2 0 0 0 32 0 0 0 255 255 255 255 2 0 11 0 0 0 0 0 data 4 0xb0002 0x7c39 0xe0002 0x7c3a oops 0
ciMethodData java/lang/AbstractStringBuilder newCapacity (I)I 2 5703 orig 264 88 50 182 112 0 0 0 0 184 60 169 27 0 0 0 0 176 1 0 0 64 0 0 0 0 0 0 0 0 0 0 0 0 0 0 0 0 0 0 0 0 0 0 0 0 0 0 0 0 0 0 0 0 0 0 0 0 0 0 0 0 0 0 0 0 0 0 0 0 0 0 0 0 0 0 0 0 0 0 0 77 68 79 32 101 120 116 114 97 32 100 97 116 97 32 108 111 99 107 0 0 0 0 0 0 0 0 0 0 0 0 0 0 0 0 0 0 0 0 0 0 0 0 0 0 0 0 0 0 0 0 0 0 0 0 0 0 0 0 0 0 0 0 0 0 0 0 0 0 0 0 0 0 0 0 0 0 0 0 0 0 0 0 0 0 0 0 0 0 0 0 0 0 0 0 0 0 0 0 0 0 0 0 0 17 0 0 0 0 0 0 0 0 0 0 0 0 0 0 0 1 0 0 0 0 0 0 0 0 0 0 0 0 0 0 0 0 2 0 0 57 162 0 0 1 0 0 0 0 0 0 0 0 0 0 0 2 0 0 0 0 0 18 0 2 0 0 0 136 0 0 0 255 255 255 255 7 0 13 0 0 0 0 0 data 17 0xd0007 0xd6b 0x20 0x6dc 0x130007 0x0 0x40 0x1447 0x1a0007 0x1447 0x48 0x0 0x1f0002 0x0 0x220003 0x0 0x18 oops 0
ciMethodData java/lang/StringBuilder toString ()Ljava/lang/String; 2 99129 orig 264 88 50 182 112 0 0 0 0 16 141 169 27 0 0 0 0 48 1 0 0 0 0 0 0 0 0 0 0 0 0 0 0 0 0 0 0 0 0 0 0 0 0 0 0 0 0 0 0 0 0 0 0 0 0 0 0 0 0 0 0 0 0 0 0 0 0 0 0 0 0 0 0 0 0 0 0 0 0 0 0 77 68 79 32 101 120 116 114 97 32 100 97 116 97 32 108 111 99 107 0 0 0 0 0 0 0 0 0 0 0 0 0 0 0 0 0 0 0 0 0 0 0 0 0 0 0 0 0 0 0 0 0 0 0 0 0 0 0 0 0 0 0 0 0 0 0 0 0 0 0 0 0 0 0 0 0 0 0 0 0 0 0 0 0 0 0 0 0 0 0 0 0 0 0 0 0 0 0 0 0 0 0 0 0 29 0 0 0 0 0 0 0 0 0 0 0 0 0 0 0 1 0 0 0 0 0 0 0 0 0 0 0 0 0 0 0 0 2 0 0 201 9 12 0 1 0 0 0 0 0 0 0 0 0 0 0 2 0 0 0 0 0 3 0 2 0 0 0 16 0 0 0 255 255 255 255 2 0 13 0 0 0 0 0 data 2 0xd0002 0x18139 oops 0
ciMethodData java/lang/String endsWith (Ljava/lang/String;)Z 2 81142 orig 264 88 50 182 112 0 0 0 0 232 78 162 27 0 0 0 0 128 1 0 0 0 0 0 0 0 0 0 0 0 0 0 0 0 0 0 0 0 0 0 0 0 0 0 0 0 0 0 0 0 0 0 0 0 0 0 0 0 0 0 0 0 0 0 0 0 0 0 0 0 0 0 0 0 0 0 0 0 0 0 0 77 68 79 32 101 120 116 114 97 32 100 97 116 97 32 108 111 99 107 0 0 0 0 0 0 0 0 0 0 0 0 0 0 0 0 0 0 0 0 0 0 0 0 0 0 0 0 0 0 0 0 0 0 0 0 0 0 0 0 0 0 0 0 0 0 0 0 0 0 0 0 0 0 0 0 0 0 0 0 0 0 0 0 0 0 0 0 0 0 0 0 0 0 0 0 0 0 0 0 0 0 0 0 0 0 0 0 0 0 0 0 0 0 0 0 0 0 0 0 0 0 0 0 0 0 0 0 0 0 0 0 0 0 0 0 0 0 2 0 0 177 215 9 0 1 0 0 0 0 0 0 0 0 0 0 0 2 0 0 0 0 0 3 0 2 0 0 0 48 0 0 0 255 255 255 255 5 0 13 0 0 0 0 0 data 6 0xd0005 0x1af 0x1e01a4b0 0x13949 0x0 0x0 oops 1 2 java/lang/String
ciMethodData java/lang/StringBuilder <init> ()V 2 93872 orig 264 88 50 182 112 0 0 0 0 72 118 169 27 0 0 0 0 48 1 0 0 0 0 0 0 0 0 0 0 0 0 0 0 0 0 0 0 0 0 0 0 0 0 0 0 0 0 0 0 0 0 0 0 0 0 0 0 0 0 0 0 0 0 0 0 0 0 0 0 0 0 0 0 0 0 0 0 0 0 0 0 77 68 79 32 101 120 116 114 97 32 100 97 116 97 32 108 111 99 107 0 0 0 0 0 0 0 0 0 0 0 0 0 0 0 0 0 0 0 0 0 0 0 0 0 0 0 0 0 0 0 0 0 0 0 0 0 0 0 0 0 0 0 0 0 0 0 0 0 0 0 0 0 0 0 0 0 0 0 0 0 0 0 0 0 0 0 0 0 0 0 0 0 0 0 0 0 0 0 0 0 0 0 0 0 1 0 0 0 0 0 0 0 0 0 0 0 0 0 0 0 1 0 0 0 0 0 0 0 0 0 0 0 0 0 0 0 0 2 0 0 129 101 11 0 1 0 0 0 0 0 0 0 0 0 0 0 2 0 0 0 0 0 3 0 2 0 0 0 16 0 0 0 255 255 255 255 2 0 3 0 0 0 0 0 data 2 0x30002 0x16caf oops 0
ciMethodData java/lang/String startsWith (Ljava/lang/String;)Z 2 102957 orig 264 88 50 182 112 0 0 0 0 72 78 162 27 0 0 0 0 128 1 0 0 0 0 0 0 0 0 0 0 0 0 0 0 0 0 0 0 0 0 0 0 0 0 0 0 0 0 0 0 0 0 0 0 0 0 0 0 0 0 0 0 0 0 0 0 0 0 0 0 0 0 0 0 0 0 0 0 0 0 0 0 77 68 79 32 101 120 116 114 97 32 100 97 116 97 32 108 111 99 107 0 0 0 0 0 0 0 0 0 0 0 0 0 0 0 0 0 0 0 0 0 0 0 0 0 0 0 0 0 0 0 0 0 0 0 0 0 0 0 0 0 0 0 0 0 0 0 0 0 0 0 0 0 0 0 0 0 0 0 0 0 0 0 0 0 0 0 0 0 0 0 0 0 0 0 0 0 0 0 0 0 0 0 0 0 0 0 0 0 0 0 0 0 0 0 0 0 0 0 0 0 0 0 0 0 0 0 0 0 0 0 0 0 0 0 0 0 0 2 0 0 105 129 12 0 1 0 0 0 0 0 0 0 0 0 0 0 2 0 0 0 0 0 3 0 2 0 0 0 48 0 0 0 255 255 255 255 5 0 3 0 0 0 0 0 data 6 0x30005 0x180 0x1e01a4b0 0x18ead 0x0 0x0 oops 1 2 java/lang/String
ciMethod sun/net/util/IPAddressUtil textToNumericFormatV6 (Ljava/lang/String;)[B 1 1 3 0 -1
ciMethod sun/net/util/IPAddressUtil isIPv6LiteralAddress (Ljava/lang/String;)Z 0 0 1 0 0
ciMethodData java/lang/String substring (I)Ljava/lang/String; 2 5172 orig 264 88 50 182 112 0 0 0 0 136 91 162 27 0 0 0 0 208 1 0 0 128 0 0 0 0 0 0 0 0 0 0 0 0 0 0 0 0 0 0 0 0 0 0 0 0 0 0 0 0 0 0 0 0 0 0 0 0 0 0 0 0 0 0 0 0 0 0 0 0 0 0 0 0 0 0 0 0 0 0 0 77 68 79 32 101 120 116 114 97 32 100 97 116 97 32 108 111 99 107 0 0 0 0 0 0 0 0 0 0 0 0 0 0 0 0 0 0 0 0 0 0 0 0 0 0 0 0 0 0 0 0 0 0 0 0 0 0 0 0 0 0 0 0 0 0 0 0 0 0 0 0 0 0 0 0 0 0 0 0 0 0 0 0 0 0 0 0 0 0 0 0 0 0 0 0 0 0 0 0 0 0 0 0 0 25 0 0 0 0 0 0 0 0 0 0 0 0 0 0 0 0 0 0 0 0 0 0 0 0 0 0 0 0 0 0 0 49 0 0 0 25 160 0 0 1 0 0 0 0 0 0 0 0 0 0 0 2 0 0 0 0 0 10 0 2 0 0 0 168 0 0 0 255 255 255 255 7 0 1 0 0 0 0 0 data 21 0x10007 0x1403 0x30 0x0 0x90002 0x0 0x160007 0x1403 0x30 0x0 0x1e0002 0x0 0x230007 0x11da 0x38 0x229 0x270003 0x229 0x28 0x340002 0x11da oops 0
ciMethodData java/lang/String lastIndexOf (I)I 2 67340 orig 264 88 50 182 112 0 0 0 0 184 82 162 27 0 0 0 0 128 1 0 0 0 0 0 0 0 0 0 0 0 0 0 0 0 0 0 0 0 0 0 0 0 0 0 0 0 0 0 0 0 0 0 0 0 0 0 0 0 0 0 0 0 0 0 0 0 0 0 0 0 0 0 0 0 0 0 0 0 0 0 0 77 68 79 32 101 120 116 114 97 32 100 97 116 97 32 108 111 99 107 0 0 0 0 0 0 0 0 0 0 0 0 0 0 0 0 0 0 0 0 0 0 0 0 0 0 0 0 0 0 0 0 0 0 0 0 0 0 0 0 0 0 0 0 0 0 0 0 0 0 0 0 0 0 0 0 0 0 0 0 0 0 0 0 0 0 0 0 0 0 0 0 0 0 0 0 0 0 0 0 0 0 0 0 0 17 0 0 0 0 0 0 0 0 0 0 0 0 0 0 0 1 0 0 0 0 0 0 0 0 0 0 0 0 0 0 0 0 2 0 0 97 40 8 0 1 0 0 0 0 0 0 0 0 0 0 0 2 0 0 0 0 0 3 0 2 0 0 0 48 0 0 0 255 255 255 255 5 0 9 0 0 0 0 0 data 6 0x90005 0xb 0x1e01a4b0 0x10501 0x0 0x0 oops 1 2 java/lang/String
ciMethodData java/net/URLStreamHandler setURL (Ljava/net/URL;Ljava/lang/String;Ljava/lang/String;ILjava/lang/String;Ljava/lang/String;Ljava/lang/String;Ljava/lang/String;Ljava/lang/String;)V 2 11780 orig 264 88 50 182 112 0 0 0 0 216 56 192 27 0 0 0 0 32 2 0 0 32 0 0 0 0 0 0 0 0 0 0 0 0 0 0 0 0 0 0 0 0 0 0 0 0 0 0 0 0 0 0 0 0 0 0 0 0 0 0 0 0 0 0 0 0 0 0 0 0 0 0 0 0 0 0 0 0 0 0 0 77 68 79 32 101 120 116 114 97 32 100 97 116 97 32 108 111 99 107 0 0 0 0 0 0 0 0 0 0 0 0 0 0 0 0 0 0 0 0 0 0 0 0 0 0 0 0 0 0 0 0 0 0 0 0 0 0 0 0 0 0 0 0 0 1 0 0 0 0 0 0 0 0 0 0 0 0 0 0 0 0 0 0 0 0 0 0 0 0 0 0 0 0 0 0 0 0 0 0 0 0 0 0 0 0 0 0 0 0 0 0 0 0 0 0 0 0 0 0 0 0 0 0 0 0 0 0 0 0 0 0 0 0 0 0 0 128 1 0 0 33 100 1 0 1 0 0 0 169 21 0 0 0 0 0 0 2 0 0 0 0 0 5 0 2 0 0 0 144 0 0 0 255 255 255 255 7 0 5 0 0 0 0 0 data 18 0x50007 0x2c84 0x30 0x0 0xe0002 0x0 0x140005 0xb5 0x1e029a00 0x2bd0 0x0 0x0 0x240005 0xb5 0x1e029a00 0x2bd0 0x0 0x0 oops 2 8 java/net/URL 14 java/net/URL
ciMethodData java/net/URL set (Ljava/lang/String;Ljava/lang/String;ILjava/lang/String;Ljava/lang/String;Ljava/lang/String;Ljava/lang/String;Ljava/lang/String;)V 2 11781 orig 264 88 50 182 112 0 0 0 0 40 179 170 27 0 0 0 0 168 2 0 0 0 0 0 0 0 0 0 0 0 0 0 0 0 0 0 0 0 0 0 0 0 0 0 0 0 0 0 0 0 0 0 0 0 0 0 0 0 0 0 0 0 0 0 0 0 0 0 0 0 0 0 0 0 0 0 0 0 0 0 0 77 68 79 32 101 120 116 114 97 32 100 97 116 97 32 108 111 99 107 0 0 0 0 0 0 0 0 0 0 0 0 0 0 0 0 0 0 0 0 0 0 0 0 0 0 0 0 0 0 0 0 0 0 0 0 0 0 0 0 0 0 0 0 0 0 0 0 0 0 0 0 0 0 0 0 0 0 0 0 0 0 0 0 0 0 0 0 0 0 0 0 0 0 0 0 0 0 0 0 1 0 0 0 0 0 0 0 0 0 0 0 0 0 0 0 0 0 0 0 0 0 0 0 0 0 0 0 0 0 0 0 0 0 0 0 0 132 1 0 0 9 100 1 0 1 0 0 0 165 21 0 0 0 0 0 0 2 0 0 0 0 0 11 0 2 0 0 0 32 1 0 0 255 255 255 255 7 224 23 0 0 0 0 0 data 36 0x17e007 0x1 0x38 0x2c81 0x1c0003 0x2c81 0xe8 0x230002 0x1 0x280005 0x1 0x0 0x0 0x0 0x0 0x2d0005 0x1 0x0 0x0 0x0 0x0 0x320005 0x1 0x0 0x0 0x0 0x0 0x350005 0x1 0x0 0x0 0x0 0x0 0x660003 0x2c83 0x18 oops 0
ciMethodData java/net/URLStreamHandler parseURL (Ljava/net/URL;Ljava/lang/String;II)V 2 25996 orig 264 88 50 182 112 0 0 0 0 64 49 192 27 0 0 0 0 144 28 0 0 128 1 0 0 0 0 0 0 0 0 0 0 0 0 0 0 0 0 0 0 0 0 0 0 0 0 0 0 0 0 0 0 0 0 0 0 0 0 0 0 0 0 0 0 0 0 0 0 0 0 0 0 0 0 0 0 0 0 0 0 77 68 79 32 101 120 116 114 97 32 100 97 116 97 32 108 111 99 107 0 0 0 0 0 0 0 0 0 0 0 0 0 0 0 0 0 0 0 0 0 0 0 0 0 0 0 0 0 0 0 0 0 0 0 0 0 0 0 0 0 0 0 0 0 3 0 0 0 0 0 0 0 0 0 0 0 0 0 0 0 0 0 0 0 0 0 0 0 0 0 0 0 0 0 0 0 0 0 0 3 0 0 0 0 0 0 0 0 0 0 0 0 0 0 0 0 0 0 0 0 0 0 0 0 0 0 0 0 0 0 0 0 0 0 0 0 132 1 0 0 41 32 3 0 1 0 0 0 91 80 0 0 0 0 0 0 2 0 0 0 3 0 199 0 2 0 0 0 8 27 0 0 255 255 255 255 5 0 1 0 0 0 0 0 data 865 0x10005 0x379 0x1e029a00 0x608c 0x0 0x0 0x70005 0x379 0x1e029a00 0x608c 0x0 0x0 0xd0005 0x379 0x1e029a00 0x608c 0x0 0x0 0x130005 0x379 0x1e029a00 0x608c 0x0 0x0 0x190005 0x379 0x1e029a00 0x608c 0x0 0x0 0x1f0005 0x379 0x1e029a00 0x608c 0x0 0x0 0x250005 0x379 0x1e029a00 0x608c 0x0 0x0 0x2b0005 0x379 0x1e029a00 0x608c 0x0 0x0 0x39e007 0x1 0x148 0x6405 0x3f0005 0x379 0x1e01a4b0 0x608c 0x0 0x0 0x470007 0x6406 0x38 0x0 0x4b0003 0x0 0x18 0x54e007 0x6401 0xc0 0x5 0x5b0007 0x0 0xa0 0x5 0x650005 0x2 0x1e01a4b0 0x3 0x0 0x0 0x6e0007 0x0 0x20 0x5 0x790005 0x2 0x1e01a4b0 0x3 0x0 0x0 0x850007 0x31cc 0x178 0x323d 0x8a0005 0x1c5 0x1e01a4b0 0x3079 0x0 0x0 0x8f0007 0x3218 0x128 0x26 0x960005 0x4 0x1e01a4b0 0x22 0x0 0x0 0x9b0007 0x21 0xd8 0x5 0xa20005 0x2 0x1e01a4b0 0x3 0x0 0x0 0xa70007 0x5 0x88 0x0 0xae0005 0x0 0x0 0x0 0x0 0x0 0xb30007 0x0 0x38 0x0 0xb70003 0x0 0x18 0xbf0007 0x0 0xa98 0x6409 0xc70007 0x31cc 0xa78 0x323e 0xcc0005 0x1c5 0x1e01a4b0 0x3079 0x0 0x0 0xd10007 0x3218 0xa28 0x26 0xd80005 0x4 0x1e01a4b0 0x22 0x0 0x0 0xdd0007 0x21 0x9d8 0x5 0xe70005 0x2 0x1e01a4b0 0x3 0x0 0x0 0xee0007 0x0 0x40 0x5 0xf50007 0x5 0x90 0x0 0xfc0005 0x0 0x0 0x0 0x0 0x0 0x1030007 0x0 0x40 0x0 0x10a0007 0x0 0x20 0x0 0x1150005 0x2 0x1e01a4b0 0x3 0x0 0x0 0x1210005 0x2 0x1e01a4b0 0x3 0x0 0x0 0x1290007 0x5 0x100 0x0 0x1320005 0x0 0x0 0x0 0x0 0x0 0x1350007 0x0 0x38 0x0 0x13e0003 0x0 0x90 0x1460005 0x0 0x0 0x0 0x0 0x0 0x1510005 0x0 0x0 0x0 0x0 0x0 0x1560003 0x0 0x18 0x15e0007 0x0 0x638 0x5 0x1630005 0x2 0x1e01a4b0 0x3 0x0 0x0 0x1660007 0x0 0x4c0 0x5 0x16c0005 0x2 0x1e01a4b0 0x3 0x0 0x0 0x1710007 0x5 0x470 0x0 0x1780005 0x0 0x0 0x0 0x0 0x0 0x17f0007 0x0 0x370 0x0 0x18d0005 0x0 0x0 0x0 0x0 0x0 0x1970005 0x0 0x0 0x0 0x0 0x0 0x19a0002 0x0 0x19d0007 0x0 0xd0 0x0 0x1a80002 0x0 0x1ad0005 0x0 0x0 0x0 0x0 0x0 0x1b20005 0x0 0x0 0x0 0x0 0x0 0x1b50005 0x0 0x0 0x0 0x0 0x0 0x1b80002 0x0 0x1c10005 0x0 0x0 0x0 0x0 0x0 0x1c80007 0x0 0x1c8 0x0 0x1d10005 0x0 0x0 0x0 0x0 0x0 0x1d60007 0x0 0xc8 0x0 0x1de0005 0x0 0x0 0x0 0x0 0x0 0x1e50007 0x0 0x128 0x0 0x1ee0005 0x0 0x0 0x0 0x0 0x0 0x1f10002 0x0 0x1f60003 0x0 0xc8 0x2010002 0x0 0x2060005 0x0 0x0 0x0 0x0 0x0 0x20b0005 0x0 0x0 0x0 0x0 0x0 0x20e0005 0x0 0x0 0x0 0x0 0x0 0x2110002 0x0 0x2150003 0x0 0x1f0 0x2200002 0x0 0x2250005 0x0 0x0 0x0 0x0 0x0 0x22a0005 0x0 0x0 0x0 0x0 0x0 0x22d0005 0x0 0x0 0x0 0x0 0x0 0x2300002 0x0 0x2380005 0x2 0x1e01a4b0 0x3 0x0 0x0 0x2420007 0x1 0xf8 0x4 0x2470005 0x1 0x1e01a4b0 0x3 0x0 0x0 0x24e0007 0x0 0x60 0x4 0x2570005 0x1 0x1e01a4b0 0x3 0x0 0x0 0x25a0002 0x4 0x2640005 0x1 0x1e01a4b0 0x3 0x0 0x0 0x2690003 0x4 0x18 0x2730007 0x5 0xd0 0x0 0x27e0002 0x0 0x2830005 0x0 0x0 0x0 0x0 0x0 0x2880005 0x0 0x0 0x0 0x0 0x0 0x28b0005 0x0 0x0 0x0 0x0 0x0 0x28e0002 0x0 0x2970007 0x0 0x70 0x5 0x29c0005 0x2 0x1e01a4b0 0x3 0x0 0x0 0x29f0007 0x0 0x20 0x5 0x2a80007 0x63a9 0x20 0x60 0x2b20007 0x1 0x400 0x6408 0x2b70005 0x37a 0x1e01a4b0 0x608e 0x0 0x0 0x2bc0007 0x63e2 0x68 0x26 0x2c30005 0x4 0x1e01a4b0 0x22 0x0 0x0 0x2c80003 0x26 0x4c0 0x2cde007 0x40 0x228 0x63a3 0x2d20005 0x367 0x1e01a4b0 0x603c 0x0 0x0 0x2d50007 0x0 0x1d8 0x63a3 0x2df0005 0x367 0x1e01a4b0 0x603c 0x0 0x0 0x2eb0007 0x63a3 0x40 0x0 0x2f00007 0x0 0x20 0x0 0x2fb0002 0x63a3 0x3050005 0x367 0x1e01a4b0 0x603b 0x0 0x0 0x3080005 0x367 0x1e029680 0x603c 0x0 0x0 0x30d0005 0x367 0x1e029680 0x603d 0x0 0x0 0x3140005 0x367 0x1e01a4b0 0x603e 0x0 0x0 0x3170005 0x367 0x1e029680 0x603e 0x0 0x0 0x31a0005 0x367 0x1e029680 0x603e 0x0 0x0 0x31f0003 0x63a4 0x298 0x3240007 0x40 0x38 0x0 0x3290003 0x0 0x18 0x3340002 0x40 0x3390005 0x10 0x1e029680 0x30 0x0 0x0 0x3400005 0x10 0x1e01a4b0 0x30 0x0 0x0 0x3430005 0x10 0x1e029680 0x30 0x0 0x0 0x3460005 0x10 0x1e029680 0x30 0x0 0x0 0x34b0003 0x40 0x178 0x3500007 0x1 0x160 0x0 0x3550007 0x0 0x140 0x0 0x35c0005 0x0 0x0 0x0 0x0 0x0 0x3630007 0x0 0x20 0x0 0x36d0002 0x0 0x3750005 0x0 0x0 0x0 0x0 0x0 0x3780005 0x0 0x0 0x0 0x0 0x0 0x37d0005 0x0 0x0 0x0 0x0 0x0 0x3800005 0x0 0x0 0x0 0x0 0x0 0x3870007 0x640b 0x20 0x0 0x3900007 0x67 0x660 0x63a4 0x3970005 0x367 0x1e01a4b0 0x603d 0x0 0x0 0x39d0007 0x63a2 0x138 0x0 0x3a40002 0x0 0x3ac0005 0x0 0x0 0x0 0x0 0x0 0x3af0005 0x0 0x0 0x0 0x0 0x0 0x3b80005 0x0 0x0 0x0 0x0 0x0 0x3bb0005 0x0 0x0 0x0 0x0 0x0 0x3be0005 0x0 0x0 0x0 0x0 0x0 0x3c30003 0x0 0xfffffffffffffeb0 0x3cf0005 0x367 0x1e01a4b0 0x603c 0x0 0x0 0x3d50007 0x63a5 0x210 0x0 0x3da0007 0x0 0x1d8 0x0 0x3e50005 0x0 0x0 0x0 0x0 0x0 0x3eb0007 0x0 0x188 0x0 0x3f40005 0x0 0x0 0x0 0x0 0x0 0x3f70007 0x0 0x138 0x0 0x3fe0002 0x0 0x4060005 0x0 0x0 0x0 0x0 0x0 0x4090005 0x0 0x0 0x0 0x0 0x0 0x4120005 0x0 0x0 0x0 0x0 0x0 0x4150005 0x0 0x0 0x0 0x0 0x0 0x4180005 0x0 0x0 0x0 0x0 0x0 0x4200003 0x0 0xfffffffffffffdf0 0x4290003 0x0 0xfffffffffffffdd8 0x4300005 0x367 0x1e01a4b0 0x603c 0x0 0x0 0x4330007 0x63a4 0xe8 0x0 0x43a0005 0x0 0x0 0x0 0x0 0x0 0x4470005 0x0 0x0 0x0 0x0 0x0 0x44d0007 0x0 0x68 0x0 0x4570005 0x0 0x0 0x0 0x0 0x0 0x45c0003 0x0 0xffffffffffffff00 0x4630005 0x367 0x1e01a4b0 0x603c 0x0 0x0 0x4660007 0x63a3 0xa0 0x0 0x46b0005 0x0 0x0 0x0 0x0 0x0 0x46f0007 0x0 0x50 0x0 0x4750005 0x0 0x0 0x0 0x0 0x0 0x47e0005 0x367 0x1e01a4b0 0x603c 0x0 0x0 0x4810007 0x31da 0x80 0x31c8 0x4890005 0x1b5 0x1e01a4b0 0x3013 0x0 0x0 0x48e0005 0x1b5 0x1e01a4b0 0x3014 0x0 0x0 0x4a50005 0x0 0x22c12930 0x6403 0x22c129e0 0x5 oops 49 2 java/net/URL 8 java/net/URL 14 java/net/URL 20 java/net/URL 26 java/net/URL 32 java/net/URL 38 java/net/URL 44 java/net/URL 54 java/lang/String 75 java/lang/String 85 java/lang/String 95 java/lang/String 105 java/lang/String 115 java/lang/String 146 java/lang/String 156 java/lang/String 166 java/lang/String 194 java/lang/String 200 java/lang/String 242 java/lang/String 252 java/lang/String 400 java/lang/String 410 java/lang/String 420 java/lang/String 428 java/lang/String 467 java/lang/String 485 java/lang/String 495 java/lang/String 508 java/lang/String 518 java/lang/String 534 java/lang/String 540 java/lang/StringBuilder 546 java/lang/StringBuilder 552 java/lang/String 558 java/lang/StringBuilder 564 java/lang/StringBuilder 582 java/lang/StringBuilder 588 java/lang/String 594 java/lang/StringBuilder 600 java/lang/StringBuilder 661 java/lang/String 706 java/lang/String 778 java/lang/String 813 java/lang/String 839 java/lang/String 849 java/lang/String 855 java/lang/String 861 sun/net/www/protocol/file/Handler 863 sun/net/www/protocol/http/Handler
ciMethodData sun/net/util/IPAddressUtil isIPv6LiteralAddress (Ljava/lang/String;)Z 1 0 orig 264 88 50 182 112 0 0 0 0 64 155 206 27 0 0 0 0 144 1 0 0 0 0 0 0 0 0 0 0 0 0 0 0 0 0 0 0 0 0 0 0 0 0 0 0 0 0 0 0 0 0 0 0 0 0 0 0 0 0 0 0 0 0 0 0 0 0 0 0 0 0 0 0 0 0 0 0 0 0 0 0 77 68 79 32 101 120 116 114 97 32 100 97 116 97 32 108 111 99 107 0 0 0 0 0 0 0 0 0 0 0 0 0 0 0 0 0 0 0 0 0 0 0 0 0 0 0 0 0 0 0 0 0 0 0 0 0 0 0 0 0 0 0 0 0 0 0 0 0 0 0 0 0 0 0 0 0 0 0 0 0 0 0 0 0 0 0 0 0 0 0 0 0 0 0 0 0 0 0 0 0 0 0 0 0 17 0 0 0 0 0 0 0 0 0 0 0 0 0 0 0 0 0 0 0 0 0 0 0 0 0 0 0 0 0 0 0 0 0 0 0 1 0 0 0 1 0 0 0 0 0 0 0 0 0 0 0 2 0 0 0 0 0 0 0 0 0 0 0 72 0 0 0 255 255 255 255 2 0 1 0 0 0 0 0 data 9 0x10002 0x0 0x40007 0x0 0x38 0x0 0x80003 0x0 0x18 oops 0
ciMethodData java/lang/Integer parseInt (Ljava/lang/String;)I 1 154 orig 264 88 50 182 112 0 0 0 0 168 62 172 27 0 0 0 0 88 1 0 0 0 0 0 0 0 0 0 0 0 0 0 0 0 0 0 0 0 0 0 0 0 0 0 0 0 0 0 0 0 0 0 0 0 0 0 0 0 0 0 0 0 0 0 0 0 0 0 0 0 0 0 0 0 0 0 0 0 0 0 0 77 68 79 32 101 120 116 114 97 32 100 97 116 97 32 108 111 99 107 0 0 0 0 0 0 0 0 0 0 0 0 0 0 0 0 0 0 0 0 0 0 0 0 0 0 0 0 0 0 0 0 0 0 0 0 0 0 0 0 0 0 0 0 0 0 0 0 0 0 0 0 0 0 0 0 0 0 0 0 0 0 0 0 0 0 0 0 0 0 0 0 0 0 0 0 0 0 0 0 0 0 0 0 0 17 0 0 0 0 0 0 0 0 0 0 0 0 0 0 0 0 0 0 0 0 0 0 0 0 0 0 0 0 0 0 0 7 0 0 0 153 4 0 0 1 0 0 0 0 0 0 0 0 0 0 0 2 0 0 0 0 0 0 0 0 0 0 0 16 0 0 0 255 255 255 255 2 0 3 0 0 0 0 0 data 2 0x30002 0x93 oops 0
instanceKlass com/ctrip/soa/caravan/util/serializer/ssjson/SSJsonSerializer
instanceKlass com/ctriposs/baiji/rpc/common/formatter/ssjson/SSJsonContentFormatter
instanceKlass com/ctrip/soa/caravan/util/serializer/ssjson/SSJsonSerializerConfig
instanceKlass com/google/common/cache/RemovalListener
instanceKlass com/google/common/cache/Weigher
instanceKlass com/google/common/base/Equivalence
instanceKlass com/google/common/base/MoreObjects
instanceKlass com/google/common/cache/LocalCache$StrongValueReference
instanceKlass com/google/common/cache/LocalCache$1
instanceKlass com/google/common/cache/LocalCache$ReferenceEntry
instanceKlass com/google/common/cache/LocalCache$ValueReference
instanceKlass com/google/common/cache/LocalCache$LocalManualCache
instanceKlass com/google/common/cache/CacheBuilder$2
instanceKlass com/google/common/cache/CacheStats
instanceKlass com/google/common/base/Suppliers$SupplierOfInstance
instanceKlass com/google/common/base/Suppliers
instanceKlass com/google/common/cache/CacheBuilder$1
instanceKlass com/google/common/cache/AbstractCache$StatsCounter
instanceKlass com/google/common/cache/LoadingCache
instanceKlass com/google/common/cache/Cache
instanceKlass com/google/common/base/Supplier
instanceKlass com/ctrip/soa/caravan/util/serializer/xml/JAXBXmlSerializer
instanceKlass com/ctrip/soa/caravan/common/serializer/StringSerializer
instanceKlass com/ctrip/soa/caravan/common/serializer/StreamSerializer
instanceKlass com/ctrip/soa/caravan/common/serializer/Serializer
instanceKlass com/ctriposs/baiji/rpc/common/formatter/xml/XmlContentFormatter
instanceKlass com/ctriposs/baiji/JsonSerializer
instanceKlass com/ctriposs/baiji/Serializer
instanceKlass com/ctriposs/baiji/rpc/common/formatter/ContentFormatterBase
instanceKlass com/ctrip/soa/caravan/common/concurrent/ValueScope$CloseableScope
instanceKlass com/ctrip/soa/caravan/common/concurrent/ValueScope
instanceKlass com/ctrip/soa/caravan/common/value/checker/CollectionArgumentChecker
instanceKlass com/google/common/collect/ObjectArrays
instanceKlass com/ctrip/soa/caravan/common/value/parser/StandardDateFormatTimeZoneParser
instanceKlass com/ctrip/soa/caravan/util/serializer/date/AbstractDateSerializer
instanceKlass com/ctrip/soa/caravan/util/serializer/date/WcfDateSerializer
instanceKlass com/ctriposs/baiji/JsonSerializerConfig
instanceKlass com/ctrip/soa/caravan/common/serializer/DateSerializer
instanceKlass com/ctriposs/baiji/rpc/common/formatter/ContentFormatter
instanceKlass com/ctriposs/baiji/rpc/server/ContentFormatConfig
instanceKlass com/ctriposs/baiji/rpc/server/handler/ExceptionHandler
instanceKlass com/ctrip/soa/caravan/common/value/MapValues
instanceKlass com/ctriposs/baiji/rpc/server/hystrix/GlobalHystrixHandler
instanceKlass com/ctriposs/baiji/rpc/server/plugin/metadata/PortalMetadataPage
instanceKlass com/ctriposs/baiji/rpc/server/plugin/metadata/MetadataPage
instanceKlass com/ctriposs/baiji/rpc/server/plugin/metadata/PortalHandler
instanceKlass com/ctrip/soa/caravan/util/ratelimiter/RateLimiterManagerConfig
instanceKlass com/ctrip/soa/caravan/util/ratelimiter/RateLimiterManager
instanceKlass com/ctrip/soa/caravan/util/ratelimiter/RateLimiterConfig
instanceKlass com/ctriposs/baiji/rpc/server/plugin/ratelimiter/BaijiServiceRateLimiterManager
instanceKlass com/ctrip/soa/caravan/common/value/parser/ListParser
instanceKlass com/ctrip/soa/caravan/util/safelist/SafeListManagerConfig
instanceKlass com/ctrip/soa/caravan/util/safelist/SafeListManager
instanceKlass com/ctrip/soa/caravan/util/safelist/checker/WhiteListChecker
instanceKlass com/ctrip/soa/caravan/util/safelist/checker/BlackListChecker
instanceKlass com/ctrip/soa/caravan/util/safelist/SafeListConfig
instanceKlass com/ctrip/soa/caravan/util/safelist/SafeListChecker
instanceKlass com/ctriposs/baiji/rpc/server/plugin/safelist/BaijiServiceSafeListManager
instanceKlass com/ctrip/soa/caravan/hystrix/DefaultExecutionCommandManager
instanceKlass com/ctrip/soa/caravan/common/value/ConcurrentHashMapValues
instanceKlass com/ctrip/soa/caravan/hystrix/ExecutionCommandManager
instanceKlass com/ctrip/soa/caravan/hystrix/facade/CommandManagers$1
instanceKlass com/ctrip/soa/caravan/common/delegate/Func
instanceKlass com/ctrip/soa/caravan/hystrix/facade/CommandManagers
instanceKlass com/ctrip/soa/caravan/common/concurrent/collect/circularbuffer/timebucket/TimeBufferConfig
instanceKlass com/ctrip/soa/caravan/hystrix/util/ManagerConfig
instanceKlass com/ctriposs/baiji/rpc/server/hystrix/BaijiServiceCommandManager
instanceKlass com/ctrip/soa/caravan/common/net/NetworkInterfaceManager
instanceKlass com/ctrip/soa/artemis/config/DeploymentConfig
instanceKlass com/ctrip/soa/caravan/common/value/corrector/RangeCorrector
instanceKlass com/ctrip/soa/caravan/common/value/corrector/PipelineCorrector
instanceKlass com/ctrip/soa/caravan/configuration/util/RangePropertyConfig
instanceKlass com/ctrip/soa/caravan/common/value/parser/IntegerParser
instanceKlass com/ctrip/soa/caravan/common/value/DefaultValues
instanceKlass com/ctrip/soa/caravan/common/value/corrector/DefaultValueCorrector
instanceKlass com/ctrip/soa/caravan/common/value/parser/BooleanParser
instanceKlass com/ctrip/soa/caravan/configuration/dynamic/WeakReferencePropertyChangeListener
instanceKlass com/google/common/base/Objects
instanceKlass com/ctrip/soa/caravan/configuration/DefaultProperty
instanceKlass com/ctrip/soa/caravan/configuration/dynamic/PropertyChangeListener
instanceKlass com/ctrip/soa/caravan/configuration/wrapper/PropertyWrapper
instanceKlass com/ctrip/soa/caravan/common/value/parser/StringParser
instanceKlass com/ctrip/soa/caravan/configuration/facade/TypedDynamicCachedCorrectedProperties$1
instanceKlass com/ctrip/soa/caravan/configuration/typed/dynamic/cached/corrected/TypedDynamicCachedCorrectedProperty
instanceKlass com/ctrip/soa/caravan/configuration/typed/dynamic/cached/TypedDynamicCachedProperty
instanceKlass com/ctrip/soa/caravan/configuration/typed/dynamic/TypedDynamicProperty
instanceKlass com/ctrip/soa/caravan/configuration/dynamic/DefaultDynamicConfigurationManager$2
instanceKlass com/ctrip/soa/caravan/configuration/dynamic/DefaultDynamicConfigurationManager$1
instanceKlass com/google/common/util/concurrent/ThreadFactoryBuilder$1
instanceKlass com/google/common/util/concurrent/ThreadFactoryBuilder
instanceKlass com/ctrip/soa/caravan/common/concurrent/ThreadFactories
instanceKlass com/ctrip/soa/caravan/configuration/dynamic/cached/corrected/DynamicCachedCorrectedProperty
instanceKlass com/ctrip/soa/caravan/configuration/dynamic/corrected/DynamicCorrectedProperty
instanceKlass com/ctrip/soa/caravan/configuration/cached/corrected/CachedCorrectedProperty
instanceKlass com/ctrip/soa/caravan/configuration/corrected/CorrectedProperty
instanceKlass com/ctrip/soa/caravan/configuration/dynamic/cached/DynamicCachedProperty
instanceKlass com/ctrip/soa/caravan/configuration/cached/CachedProperty
instanceKlass com/ctrip/soa/caravan/configuration/dynamic/DynamicProperty
instanceKlass com/ctrip/soa/caravan/configuration/dynamic/ConfigurationSourceChangeListener
instanceKlass com/ctrip/soa/caravan/configuration/wrapper/ConfigurationManagerWrapper
instanceKlass com/ctrip/soa/caravan/configuration/util/ConfigurationSourceComparator
instanceKlass com/ctrip/soa/caravan/ctrip/configuration/source/ctripops/CtripEnvConfiguration
instanceKlass com/ctrip/soa/caravan/configuration/DefaultConfigurationManager
instanceKlass com/ctrip/soa/caravan/configuration/typed/dynamic/corrected/TypedDynamicCorrectedConfigurationManager
instanceKlass com/ctrip/soa/caravan/configuration/typed/cached/corrected/TypedCachedCorrectedConfigurationManager
instanceKlass com/ctrip/soa/caravan/configuration/typed/corrected/TypedCorrectedConfigurationManager
instanceKlass com/ctrip/soa/caravan/configuration/typed/cached/TypedCachedConfigurationManager
instanceKlass com/ctrip/soa/caravan/configuration/dynamic/corrected/DynamicCorrectedConfigurationManager
instanceKlass com/ctrip/soa/caravan/configuration/typed/dynamic/cached/corrected/TypedDynamicCachedCorrectedConfigurationManager
instanceKlass com/ctrip/soa/caravan/configuration/dynamic/cached/corrected/DynamicCachedCorrectedConfigurationManager
instanceKlass com/ctrip/soa/caravan/configuration/cached/corrected/CachedCorrectedConfigurationManager
instanceKlass com/ctrip/soa/caravan/configuration/corrected/CorrectedConfigurationManager
instanceKlass com/ctrip/soa/caravan/configuration/typed/dynamic/cached/TypedDynamicCachedConfigurationManager
instanceKlass com/ctrip/soa/caravan/configuration/dynamic/cached/DynamicCachedConfigurationManager
instanceKlass com/ctrip/soa/caravan/configuration/cached/CachedConfigurationManager
instanceKlass com/ctrip/soa/caravan/configuration/typed/dynamic/TypedDynamicConfigurationManager
instanceKlass com/ctrip/soa/caravan/configuration/dynamic/DynamicConfigurationManager
instanceKlass com/ctrip/soa/caravan/configuration/typed/TypedConfigurationManager
instanceKlass com/ctrip/soa/caravan/configuration/ConfigurationManager
instanceKlass com/ctrip/soa/caravan/configuration/facade/ConfigurationManagers
instanceKlass com/ctrip/soa/caravan/common/value/corrector/ValueCorrector
instanceKlass com/ctrip/soa/caravan/common/value/parser/ValueParser
instanceKlass com/ctrip/soa/caravan/configuration/facade/TypedDynamicCachedCorrectedProperties
instanceKlass com/google/common/util/concurrent/Uninterruptibles
instanceKlass com/ctrip/framework/apollo/internals/RemoteConfigRepository$2
instanceKlass com/google/common/collect/AbstractMapBasedMultimap$WrappedCollection$WrappedIterator
instanceKlass com/ctriposs/baiji/rpc/server/configuration/policy/source/PolicyServiceConfiguration
instanceKlass com/ctrip/soa/caravan/web/configuration/source/servletcontext/ServletContextConfiguration
instanceKlass com/ctrip/soa/caravan/configuration/util/PropertyKeyGenerator
instanceKlass com/ctriposs/baiji/rpc/server/configuration/BaijiServiceDefaultValues
instanceKlass com/ctrip/soa/caravan/configuration/source/defaultvalue/DefaultValueConfiguration
instanceKlass com/ctriposs/baiji/rpc/common/util/DefaultConfigurationSources
instanceKlass java/nio/file/FileStore
instanceKlass sun/nio/fs/WindowsSecurity
instanceKlass sun/nio/fs/AbstractAclFileAttributeView
instanceKlass sun/nio/fs/DynamicFileAttributeView
instanceKlass java/nio/file/attribute/AclFileAttributeView
instanceKlass java/nio/file/attribute/FileOwnerAttributeView
instanceKlass java/nio/file/attribute/FileAttributeView
instanceKlass java/nio/file/attribute/AttributeView
instanceKlass sun/nio/fs/WindowsLinkSupport
instanceKlass com/google/common/escape/Platform
instanceKlass sun/nio/fs/WindowsFileSystemProvider$1
instanceKlass sun/nio/fs/WindowsChannelFactory$Flags
instanceKlass sun/nio/fs/WindowsChannelFactory$1
instanceKlass sun/nio/fs/WindowsChannelFactory
instanceKlass java/nio/file/CopyOption
instanceKlass java/nio/file/OpenOption
instanceKlass com/ctrip/framework/apollo/internals/RemoteConfigLongPollService$2
instanceKlass com/google/common/collect/Sets
instanceKlass com/ctrip/framework/apollo/internals/RemoteConfigRepository$1
instanceKlass com/google/gson/internal/LinkedTreeMap$LinkedTreeMapIterator
instanceKlass com/ctrip/framework/apollo/util/http/HttpUtil$1
instanceKlass com/ctrip/framework/apollo/core/dto/ApolloConfig
instanceKlass com/google/common/collect/Iterables
instanceKlass com/google/common/math/LongMath
instanceKlass com/google/common/base/Platform
instanceKlass com/google/common/base/Ticker
instanceKlass com/google/common/base/Stopwatch
instanceKlass com/google/common/util/concurrent/RateLimiter$SleepingStopwatch
instanceKlass com/google/common/util/concurrent/RateLimiter
instanceKlass com/ctrip/framework/apollo/core/dto/ApolloConfigNotification
instanceKlass com/google/common/reflect/TypeCapture
instanceKlass com/google/common/collect/Synchronized$SynchronizedObject
instanceKlass com/google/common/collect/Synchronized
instanceKlass com/google/common/collect/SortedSetMultimap
instanceKlass com/google/common/collect/ListMultimap
instanceKlass com/google/common/collect/Multimaps
instanceKlass com/google/common/collect/AbstractMultimap
instanceKlass com/ctrip/framework/apollo/core/schedule/ExponentialSchedulePolicy
instanceKlass com/google/common/collect/SetMultimap
instanceKlass com/google/common/collect/Multimap
instanceKlass com/ctrip/framework/apollo/core/schedule/SchedulePolicy
instanceKlass com/ctrip/framework/apollo/internals/RemoteConfigLongPollService
instanceKlass com/ctrip/framework/apollo/internals/ConfigServiceLocator$2
instanceKlass com/ctrip/framework/apollo/util/http/HttpResponse
instanceKlass com/google/common/base/Charsets
instanceKlass com/ctrip/framework/apollo/util/http/HttpUtil$2
instanceKlass com/ctrip/framework/apollo/tracer/internals/cat/CatTransaction
instanceKlass com/dianping/cat/Cat$Context
instanceKlass com/ctrip/framework/apollo/tracer/internals/cat/CatMessageProducer
instanceKlass com/ctrip/framework/apollo/tracer/internals/DefaultMessageProducerManager
instanceKlass com/ctrip/framework/apollo/core/utils/ServiceBootstrap
instanceKlass com/ctrip/framework/apollo/tracer/internals/NullTransaction
